<?xml version="1.0" encoding="UTF-8"?>
<!-- Generated by org.testng.reporters.JUnitReportReporter -->
<testsuite skipped="0" hostname="DESKTOP-KQ0EMK1" name="page.ToDoListPage" tests="1" failures="0" timestamp="2022-08-30T23:01:16 CDT" time="3.174" errors="0">
  <testcase name="validUserIsAbleToAddCategory" time="3.174" classname="page.ToDoListPage"/>
  <system-out/>
</testsuite> <!-- page.ToDoListPage -->
