<?xml version="1.0" encoding="UTF-8"?>
<!-- Generated by org.testng.reporters.JUnitReportReporter -->
<testsuite skipped="0" hostname="DESKTOP-KQ0EMK1" name="test.ToDoListTest3" tests="1" failures="0" timestamp="2022-09-01T11:23:08 CDT" time="3.458" errors="0">
  <testcase name="validUserIsAbleToAddCategory" time="3.458" classname="test.ToDoListTest3"/>
  <system-out/>
</testsuite> <!-- test.ToDoListTest3 -->
