<?xml version="1.0" encoding="UTF-8"?>
<!-- Generated by org.testng.reporters.JUnitReportReporter -->
<testsuite skipped="0" hostname="DESKTOP-KQ0EMK1" name="test.ToDoListTest" tests="3" failures="0" timestamp="2022-09-03T12:25:29 CDT" time="11.773" errors="0">
  <testcase name="validateUserIsAbleToAddCategory" time="5.037" classname="test.ToDoListTest"/>
  <system-out/>
  <testcase name="validateMonthDropdownElement" time="2.269" classname="test.ToDoListTest"/>
  <system-out/>
  <testcase name="validateDuplicateCategory" time="4.467" classname="test.ToDoListTest"/>
  <system-out/>
</testsuite> <!-- test.ToDoListTest -->
