<?xml version="1.0" encoding="UTF-8"?>
<!-- Generated by org.testng.reporters.JUnitReportReporter -->
<testsuite skipped="0" hostname="DESKTOP-KQ0EMK1" name="test.ToDoListTest2" tests="1" failures="0" timestamp="2022-09-01T11:35:32 CDT" time="3.730" errors="0">
  <testcase name="validateDuplicateCategory" time="3.730" classname="test.ToDoListTest2"/>
  <system-out/>
</testsuite> <!-- test.ToDoListTest2 -->
