<?xml version="1.0" encoding="UTF-8"?>
<!-- Generated by org.testng.reporters.JUnitReportReporter -->
<testsuite skipped="0" hostname="DESKTOP-KQ0EMK1" name="util.BrowserFactory" tests="1" failures="0" timestamp="2022-09-01T18:21:07 CDT" time="0.996" errors="0">
  <testcase name="tearDown" time="0.996" classname="util.BrowserFactory"/>
  <system-out/>
</testsuite> <!-- util.BrowserFactory -->
